<?xml version="1.0" encoding="UTF-8"?>
<!-- Generated by org.testng.reporters.JUnitReportReporter -->
<testsuite hostname="Cihan-MacBook-Pro.local" failures="0" tests="1" name="CaseStudy.ShoppingPageTest" time="16.350" errors="0" timestamp="2022-10-18T21:14:34 EET" skipped="0">
  <testcase classname="CaseStudy.ShoppingPageTest" name="endtoend" time="16.350"/>
  <system-out/>
</testsuite> <!-- CaseStudy.ShoppingPageTest -->
