<?xml version="1.0" encoding="UTF-8"?>
<!-- Generated by org.testng.reporters.JUnitReportReporter -->
<testsuite hostname="Cihan-MacBook-Pro.local" failures="0" tests="4" name="Cucumber.TestRunner" time="39.750" errors="0" timestamp="2022-10-21T20:30:14 EET" skipped="0">
  <testcase classname="Cucumber.TestRunner" name="runScenario" time="6.648"/>
  <system-out/>
  <testcase classname="Cucumber.TestRunner" name="runScenario" time="7.955"/>
  <system-out/>
  <testcase classname="Cucumber.TestRunner" name="runScenario" time="1.666"/>
  <system-out/>
  <testcase classname="Cucumber.TestRunner" name="runScenario" time="23.481"/>
  <system-out/>
</testsuite> <!-- Cucumber.TestRunner -->
